<?xml version="1.0" encoding="UTF-8"?>
<!-- Generated by org.testng.reporters.JUnitReportReporter -->
<testsuite skipped="1" hostname="LAPTOP-H4ODDOJJ" name="testNG.FirstTestNG" tests="2" failures="0" timestamp="2020-09-15T21:45:34 BST" time="0.019" errors="0">
  <testcase name="testCase1" time="0.019" classname="testNG.FirstTestNG"/>
  <system-out/>
  <testcase name="testCase2" classname="testNG.FirstTestNG">
    <skipped/>
  </testcase> <!-- testCase2 -->
  <system-out/>
</testsuite> <!-- testNG.FirstTestNG -->
