<?xml version="1.0" encoding="UTF-8"?>
<!-- Generated by org.testng.reporters.JUnitReportReporter -->
<testsuite skipped="0" hostname="LAPTOP-H4ODDOJJ" name="testNG.PHPTests_Data_driven" tests="7" failures="0" timestamp="2020-09-11T16:08:46 BST" time="4.876" errors="0">
  <testcase name="verifyLinksAfterLogin" time="0.420" classname="testNG.PHPTests_Data_driven"/>
  <system-out/>
  <testcase name="verifyTitle" time="0.016" classname="testNG.PHPTests_Data_driven"/>
  <system-out/>
  <testcase name="verifyButtons" time="0.291" classname="testNG.PHPTests_Data_driven"/>
  <system-out/>
  <testcase name="verifyInvalidEmailMsg" time="0.944" classname="testNG.PHPTests_Data_driven"/>
  <system-out/>
  <testcase name="verifyInvalidEmailMsg" time="0.701" classname="testNG.PHPTests_Data_driven"/>
  <system-out/>
  <testcase name="verifyInvalidEmailMsg" time="0.631" classname="testNG.PHPTests_Data_driven"/>
  <system-out/>
  <testcase name="verifyValidEmailMsg" time="1.873" classname="testNG.PHPTests_Data_driven"/>
  <system-out/>
</testsuite> <!-- testNG.PHPTests_Data_driven -->
