<?xml version="1.0" encoding="UTF-8"?>
<!-- Generated by org.testng.reporters.JUnitReportReporter -->
<testsuite skipped="0" hostname="LAPTOP-H4ODDOJJ" name="testNG.PHPTests" tests="5" failures="0" timestamp="2020-09-11T16:07:04 BST" time="3.166" errors="0">
  <testcase name="verifyLinksAfterLogin" time="0.066" classname="testNG.PHPTests"/>
  <system-out/>
  <testcase name="verifyTitle" time="0.011" classname="testNG.PHPTests"/>
  <system-out/>
  <testcase name="verifyButtons" time="0.238" classname="testNG.PHPTests"/>
  <system-out/>
  <testcase name="verifyInvalidEmailMsg" time="1.090" classname="testNG.PHPTests"/>
  <system-out/>
  <testcase name="verifyValidEmailMsg" time="1.761" classname="testNG.PHPTests"/>
  <system-out/>
</testsuite> <!-- testNG.PHPTests -->
