<?xml version="1.0" encoding="UTF-8"?>
<!-- Generated by org.testng.reporters.JUnitReportReporter -->
<testsuite skipped="1" hostname="LAPTOP-H4ODDOJJ" name="testNG.VerifyImage" tests="2" failures="0" timestamp="2020-09-10T16:03:55 BST" time="0.040" errors="0">
  <testcase name="verifyTitle" time="0.040" classname="testNG.VerifyImage"/>
  <system-out/>
  <testcase name="verifyIcon" classname="testNG.VerifyImage">
    <skipped/>
  </testcase> <!-- verifyIcon -->
  <system-out/>
</testsuite> <!-- testNG.VerifyImage -->
