<?xml version="1.0" encoding="UTF-8"?>
<!-- Generated by org.testng.reporters.JUnitReportReporter -->
<testsuite skipped="0" hostname="LAPTOP-H4ODDOJJ" name="testNG.TestNG_PHP" tests="5" failures="0" timestamp="2020-09-11T22:31:36 BST" time="3.900" errors="0">
  <testcase name="verifyTitle" time="0.037" classname="testNG.TestNG_PHP"/>
  <system-out/>
  <testcase name="verifyLinksAfterLogin" time="0.561" classname="testNG.TestNG_PHP"/>
  <system-out/>
  <testcase name="verifyButtons" time="0.392" classname="testNG.TestNG_PHP"/>
  <system-out/>
  <testcase name="verifyInvalidEmailMsg" time="1.019" classname="testNG.TestNG_PHP"/>
  <system-out/>
  <testcase name="verifyValidEmailMsg" time="1.891" classname="testNG.TestNG_PHP"/>
  <system-out/>
</testsuite> <!-- testNG.TestNG_PHP -->
