<?xml version="1.0" encoding="UTF-8"?>
<!-- Generated by org.testng.reporters.JUnitReportReporter -->
<testsuite skipped="0" hostname="LAPTOP-H4ODDOJJ" name="testNG.TestNG_PHP" tests="5" failures="0" timestamp="2020-09-11T16:08:46 BST" time="3.658" errors="0">
  <testcase name="verifyLinksAfterLogin" time="0.092" classname="testNG.TestNG_PHP"/>
  <system-out/>
  <testcase name="verifyTitle" time="0.026" classname="testNG.TestNG_PHP"/>
  <system-out/>
  <testcase name="verifyButtons" time="0.207" classname="testNG.TestNG_PHP"/>
  <system-out/>
  <testcase name="verifyInvalidEmailMsg" time="0.875" classname="testNG.TestNG_PHP"/>
  <system-out/>
  <testcase name="verifyValidEmailMsg" time="2.458" classname="testNG.TestNG_PHP"/>
  <system-out/>
</testsuite> <!-- testNG.TestNG_PHP -->
