<?xml version="1.0" encoding="UTF-8"?>
<!-- Generated by org.testng.reporters.JUnitReportReporter -->
<testsuite skipped="0" hostname="LAPTOP-H4ODDOJJ" name="testNG.PHPTests" tests="3" failures="0" timestamp="2020-09-10T15:13:34 BST" time="2.667" errors="0">
  <testcase name="verifyLinksAfterLogin" time="0.258" classname="testNG.PHPTests"/>
  <system-out/>
  <testcase name="verifyInvalidEmailMsg" time="0.789" classname="testNG.PHPTests"/>
  <system-out/>
  <testcase name="verifyValidEmailMsg" time="1.620" classname="testNG.PHPTests"/>
  <system-out/>
</testsuite> <!-- testNG.PHPTests -->
