<?xml version="1.0" encoding="UTF-8"?>
<!-- Generated by org.testng.reporters.JUnitReportReporter -->
<testsuite skipped="0" hostname="LAPTOP-H4ODDOJJ" name="testNG.PHPTests_Data_driven" tests="7" failures="0" timestamp="2020-09-11T22:31:36 BST" time="5.182" errors="0">
  <testcase name="verifyTitle" time="0.017" classname="testNG.PHPTests_Data_driven"/>
  <system-out/>
  <testcase name="verifyLinksAfterLogin" time="0.353" classname="testNG.PHPTests_Data_driven"/>
  <system-out/>
  <testcase name="verifyButtons" time="0.307" classname="testNG.PHPTests_Data_driven"/>
  <system-out/>
  <testcase name="verifyInvalidEmailMsg" time="0.741" classname="testNG.PHPTests_Data_driven"/>
  <system-out/>
  <testcase name="verifyInvalidEmailMsg" time="1.151" classname="testNG.PHPTests_Data_driven"/>
  <system-out/>
  <testcase name="verifyInvalidEmailMsg" time="0.775" classname="testNG.PHPTests_Data_driven"/>
  <system-out/>
  <testcase name="verifyValidEmailMsg" time="1.838" classname="testNG.PHPTests_Data_driven"/>
  <system-out/>
</testsuite> <!-- testNG.PHPTests_Data_driven -->
